#
# A fatal error has been detected by the Java Runtime Environment:
#
#  Internal Error (jvmciRuntime.cpp:902), pid=16320, tid=10936
#  fatal error: Fatal error in JVMCI shared library
#
# JRE version: OpenJDK Runtime Environment GraalVM CE 21.1.0 (16.0.1+9) (build 16.0.1+9-jvmci-21.1-b05)
# Java VM: OpenJDK 64-Bit Server VM GraalVM CE 21.1.0 (16.0.1+9-jvmci-21.1-b05, mixed mode, sharing, tiered, jvmci, jvmci compiler, compressed oops, compressed class ptrs, g1 gc, windows-amd64)
# No core dump will be written. Minidumps are not enabled by default on client versions of Windows
#
# If you would like to submit a bug report, please visit:
#   https://github.com/oracle/graal/issues
# The crash happened outside the Java Virtual Machine in native code.
# See problematic frame for where to report the bug.
#

---------------  S U M M A R Y ------------

Command Line: -XX:+UnlockExperimentalVMOptions -XX:+EnableJVMCIProduct -XX:-UnlockExperimentalVMOptions -XX:ThreadPriorityPolicy=1 --add-opens=java.base/java.util=ALL-UNNAMED --add-opens=java.base/java.lang=ALL-UNNAMED --add-opens=java.base/java.lang.invoke=ALL-UNNAMED --add-opens=java.base/java.util=ALL-UNNAMED --add-opens=java.prefs/java.util.prefs=ALL-UNNAMED --add-opens=java.prefs/java.util.prefs=ALL-UNNAMED --add-opens=java.base/java.nio.charset=ALL-UNNAMED --add-opens=java.base/java.net=ALL-UNNAMED --add-opens=java.base/java.util.concurrent.atomic=ALL-UNNAMED -Xmx1G -Dfile.encoding=windows-1252 -Duser.country=GB -Duser.language=en -Duser.variant org.gradle.launcher.daemon.bootstrap.GradleDaemon 7.0.2

Host: AMD Ryzen 5 2400G with Radeon Vega Graphics    , 8 cores, 15G,  Windows 10 , 64 bit Build 19041 (10.0.19041.1023)
Time: Tue Jul  6 23:26:53 2021 W. Europe Summer Time elapsed time: 80.674097 seconds (0d 0h 1m 20s)

---------------  T H R E A D  ---------------

Current thread (0x0000014cc0a33a80):  JavaThread "JVMCI-native CompilerThread0" daemon [_thread_in_native, id=10936, stack(0x0000003bfe000000,0x0000003bfe100000)]


Current CompileTask:
JVMCI-native:  80674 7576       4       org.gradle.internal.logging.sink.OutputEventTransformer::onOutput (399 bytes)

Stack: [0x0000003bfe000000,0x0000003bfe100000]
Native frames: (J=compiled Java code, j=interpreted, Vv=VM code, C=native code)
V  [jvm.dll+0x666eba]
V  [jvm.dll+0x7c8b89]
V  [jvm.dll+0x7ca313]
V  [jvm.dll+0x7ca927]
V  [jvm.dll+0x242c63]
V  [jvm.dll+0x4b39ac]
C  [jvmcicompiler.dll+0x6adbf]


---------------  P R O C E S S  ---------------

Threads class SMR info:
_java_thread_list=0x0000014ce7536fa0, length=64, elements={
0x0000014ca12c6a90, 0x0000014cc0a12c90, 0x0000014cc0a13a80, 0x0000014cc0a2abc0,
0x0000014cc0a2b5f0, 0x0000014cc0a2df30, 0x0000014cc0a2f870, 0x0000014cc0a33a80,
0x0000014cc0a3c4b0, 0x0000014cc0a43240, 0x0000014cc09f05e0, 0x0000014cc1522a90,
0x0000014cd33fc9d0, 0x0000014cdedeec70, 0x0000014cdee70920, 0x0000014cdee5d3e0,
0x0000014cdee5f870, 0x0000014cdef355c0, 0x0000014cdef35b10, 0x0000014cdef36060,
0x0000014cdef365b0, 0x0000014cdef36b00, 0x0000014cdef34b20, 0x0000014cdef37050,
0x0000014cdef375a0, 0x0000014cdef345d0, 0x0000014cdef34080, 0x0000014cdef35070,
0x0000014cdf39cbd0, 0x0000014cdf39bbe0, 0x0000014cdf397180, 0x0000014cdf39a6a0,
0x0000014cdf39e110, 0x0000014cdf397c20, 0x0000014cdf39ebb0, 0x0000014cdf3996b0,
0x0000014cdf39b140, 0x0000014cdf39b690, 0x0000014cdf39d670, 0x0000014cdf39c130,
0x0000014cdf399c00, 0x0000014cdf399160, 0x0000014cdf39c680, 0x0000014cdf39d120,
0x0000014cdf39dbc0, 0x0000014cdf3986c0, 0x0000014cdf3976d0, 0x0000014cdf398170,
0x0000014cdf39a150, 0x0000014cdf39e660, 0x0000014cdf398c10, 0x0000014cd334b740,
0x0000014cd3349cb0, 0x0000014cd334a750, 0x0000014cd334bc90, 0x0000014cd334c1e0,
0x0000014cd334c730, 0x0000014cd334cc80, 0x0000014ce945b5b0, 0x0000014ce945c5a0,
0x0000014ce945bb00, 0x0000014ce945c050, 0x0000014ce945caf0, 0x0000014ce945e030
}

Java Threads: ( => current thread )
  0x0000014ca12c6a90 JavaThread "main" [_thread_blocked, id=9336, stack(0x0000003bfd300000,0x0000003bfd400000)]
  0x0000014cc0a12c90 JavaThread "Reference Handler" daemon [_thread_blocked, id=1324, stack(0x0000003bfda00000,0x0000003bfdb00000)]
  0x0000014cc0a13a80 JavaThread "Finalizer" daemon [_thread_blocked, id=2576, stack(0x0000003bfdb00000,0x0000003bfdc00000)]
  0x0000014cc0a2abc0 JavaThread "Signal Dispatcher" daemon [_thread_blocked, id=18744, stack(0x0000003bfdc00000,0x0000003bfdd00000)]
  0x0000014cc0a2b5f0 JavaThread "Attach Listener" daemon [_thread_blocked, id=15208, stack(0x0000003bfdd00000,0x0000003bfde00000)]
  0x0000014cc0a2df30 JavaThread "Service Thread" daemon [_thread_blocked, id=3536, stack(0x0000003bfde00000,0x0000003bfdf00000)]
  0x0000014cc0a2f870 JavaThread "Monitor Deflation Thread" daemon [_thread_blocked, id=17596, stack(0x0000003bfdf00000,0x0000003bfe000000)]
=>0x0000014cc0a33a80 JavaThread "JVMCI-native CompilerThread0" daemon [_thread_in_native, id=10936, stack(0x0000003bfe000000,0x0000003bfe100000)]
  0x0000014cc0a3c4b0 JavaThread "C1 CompilerThread0" daemon [_thread_blocked, id=14676, stack(0x0000003bfe100000,0x0000003bfe200000)]
  0x0000014cc0a43240 JavaThread "Sweeper thread" daemon [_thread_blocked, id=13236, stack(0x0000003bfe200000,0x0000003bfe300000)]
  0x0000014cc09f05e0 JavaThread "Common-Cleaner" daemon [_thread_blocked, id=2052, stack(0x0000003bfe300000,0x0000003bfe400000)]
  0x0000014cc1522a90 JavaThread "Notification Thread" daemon [_thread_blocked, id=2036, stack(0x0000003bfe400000,0x0000003bfe500000)]
  0x0000014cd33fc9d0 JavaThread "Libgraal MBean Registration" daemon [_thread_blocked, id=8288, stack(0x0000003bfe900000,0x0000003bfea00000)]
  0x0000014cdedeec70 JavaThread "Daemon health stats" [_thread_blocked, id=10196, stack(0x0000003bfed00000,0x0000003bfee00000)]
  0x0000014cdee70920 JavaThread "Incoming local TCP Connector on port 57717" [_thread_in_native, id=3996, stack(0x0000003bfe700000,0x0000003bfe800000)]
  0x0000014cdee5d3e0 JavaThread "Daemon periodic checks" [_thread_blocked, id=10692, stack(0x0000003bfee00000,0x0000003bfef00000)]
  0x0000014cdee5f870 JavaThread "Daemon" [_thread_blocked, id=10580, stack(0x0000003bfef00000,0x0000003bff000000)]
  0x0000014cdef355c0 JavaThread "Handler for socket connection from /127.0.0.1:57717 to /127.0.0.1:57718" [_thread_in_native, id=12304, stack(0x0000003bff000000,0x0000003bff100000)]
  0x0000014cdef35b10 JavaThread "Cancel handler" [_thread_blocked, id=16292, stack(0x0000003bff100000,0x0000003bff200000)]
  0x0000014cdef36060 JavaThread "Daemon worker" [_thread_blocked, id=14756, stack(0x0000003bff200000,0x0000003bff300000)]
  0x0000014cdef365b0 JavaThread "Asynchronous log dispatcher for DefaultDaemonConnection: socket connection from /127.0.0.1:57717 to /127.0.0.1:57718" [_thread_blocked, id=9140, stack(0x0000003bff300000,0x0000003bff400000)]
  0x0000014cdef36b00 JavaThread "Stdin handler" [_thread_blocked, id=12948, stack(0x0000003bff400000,0x0000003bff500000)]
  0x0000014cdef34b20 JavaThread "Daemon client event forwarder" [_thread_blocked, id=15776, stack(0x0000003bff500000,0x0000003bff600000)]
  0x0000014cdef37050 JavaThread "Cache worker for file hash cache (C:\Users\jaap_s39u2r2\.gradle\caches\7.0.2\fileHashes)" [_thread_blocked, id=18632, stack(0x0000003bff600000,0x0000003bff700000)]
  0x0000014cdef375a0 JavaThread "File lock request listener" [_thread_in_native, id=12720, stack(0x0000003bff700000,0x0000003bff800000)]
  0x0000014cdef345d0 JavaThread "Cache worker for journal cache (C:\Users\jaap_s39u2r2\.gradle\caches\journal-1)" [_thread_blocked, id=9868, stack(0x0000003bff800000,0x0000003bff900000)]
  0x0000014cdef34080 JavaThread "Cache worker for file hash cache (I:\Rebalanced\.gradle\7.0.2\fileHashes)" [_thread_blocked, id=10940, stack(0x0000003bffa00000,0x0000003bffb00000)]
  0x0000014cdef35070 JavaThread "File watcher server" daemon [_thread_in_native, id=10552, stack(0x0000003bffb00000,0x0000003bffc00000)]
  0x0000014cdf39cbd0 JavaThread "File watcher consumer" daemon [_thread_blocked, id=12992, stack(0x0000003bffc00000,0x0000003bffd00000)]
  0x0000014cdf39bbe0 JavaThread "Cache worker for checksums cache (I:\Rebalanced\.gradle\checksums)" [_thread_blocked, id=4580, stack(0x0000003bff900000,0x0000003bffa00000)]
  0x0000014cdf397180 JavaThread "Cache worker for cache directory md-supplier (C:\Users\jaap_s39u2r2\.gradle\caches\7.0.2\md-supplier)" [_thread_blocked, id=3932, stack(0x0000003bffd00000,0x0000003bffe00000)]
  0x0000014cdf39a6a0 JavaThread "Cache worker for cache directory md-rule (C:\Users\jaap_s39u2r2\.gradle\caches\7.0.2\md-rule)" [_thread_blocked, id=20136, stack(0x0000003bffe00000,0x0000003bfff00000)]
  0x0000014cdf39e110 JavaThread "Cache worker for execution history cache (C:\Users\jaap_s39u2r2\.gradle\caches\7.0.2\executionHistory)" [_thread_blocked, id=16860, stack(0x0000003bfff00000,0x0000003c00000000)]
  0x0000014cdf397c20 JavaThread "jar transforms" [_thread_blocked, id=19720, stack(0x0000003b80400000,0x0000003b80500000)]
  0x0000014cdf39ebb0 JavaThread "Cache worker for file content cache (C:\Users\jaap_s39u2r2\.gradle\caches\7.0.2\fileContent)" [_thread_blocked, id=12564, stack(0x0000003b80500000,0x0000003b80600000)]
  0x0000014cdf3996b0 JavaThread "jar transforms Thread 2" [_thread_blocked, id=14580, stack(0x0000003b80600000,0x0000003b80700000)]
  0x0000014cdf39b140 JavaThread "Cache worker for dependencies-accessors (I:\Rebalanced\.gradle\7.0.2\dependencies-accessors)" [_thread_blocked, id=15660, stack(0x0000003b80700000,0x0000003b80800000)]
  0x0000014cdf39b690 JavaThread "jar transforms Thread 3" [_thread_blocked, id=12004, stack(0x0000003b80800000,0x0000003b80900000)]
  0x0000014cdf39d670 JavaThread "Cache worker for Build Output Cleanup Cache (I:\Rebalanced\.gradle\buildOutputCleanup)" [_thread_blocked, id=12616, stack(0x0000003b80300000,0x0000003b80400000)]
  0x0000014cdf39c130 JavaThread "Build operations" [_thread_blocked, id=18964, stack(0x0000003b80a00000,0x0000003b80b00000)]
  0x0000014cdf399c00 JavaThread "Build operations Thread 2" [_thread_blocked, id=19580, stack(0x0000003b80b00000,0x0000003b80c00000)]
  0x0000014cdf399160 JavaThread "Build operations Thread 3" [_thread_blocked, id=2300, stack(0x0000003b80c00000,0x0000003b80d00000)]
  0x0000014cdf39c680 JavaThread "Build operations Thread 4" [_thread_blocked, id=11660, stack(0x0000003b80d00000,0x0000003b80e00000)]
  0x0000014cdf39d120 JavaThread "Build operations Thread 5" [_thread_blocked, id=14828, stack(0x0000003b80e00000,0x0000003b80f00000)]
  0x0000014cdf39dbc0 JavaThread "Build operations Thread 6" [_thread_blocked, id=9780, stack(0x0000003b80f00000,0x0000003b81000000)]
  0x0000014cdf3986c0 JavaThread "Build operations Thread 7" [_thread_blocked, id=6012, stack(0x0000003b81000000,0x0000003b81100000)]
  0x0000014cdf3976d0 JavaThread "Build operations Thread 8" [_thread_blocked, id=20120, stack(0x0000003b81100000,0x0000003b81200000)]
  0x0000014cdf398170 JavaThread "jar transforms Thread 4" [_thread_blocked, id=6552, stack(0x0000003b81200000,0x0000003b81300000)]
  0x0000014cdf39a150 JavaThread "jar transforms Thread 5" [_thread_blocked, id=18552, stack(0x0000003b81300000,0x0000003b81400000)]
  0x0000014cdf39e660 JavaThread "jar transforms Thread 6" [_thread_blocked, id=19952, stack(0x0000003b81400000,0x0000003b81500000)]
  0x0000014cdf398c10 JavaThread "jar transforms Thread 7" [_thread_blocked, id=15920, stack(0x0000003b81500000,0x0000003b81600000)]
  0x0000014cd334b740 JavaThread "jar transforms Thread 8" [_thread_blocked, id=20268, stack(0x0000003b81600000,0x0000003b81700000)]
  0x0000014cd3349cb0 JavaThread "Memory manager" [_thread_blocked, id=16960, stack(0x0000003b80900000,0x0000003b80a00000)]
  0x0000014cd334a750 JavaThread "Execution worker for ':'" [_thread_blocked, id=16632, stack(0x0000003b81900000,0x0000003b81a00000)]
  0x0000014cd334bc90 JavaThread "Execution worker for ':' Thread 2" [_thread_blocked, id=9028, stack(0x0000003b81a00000,0x0000003b81b00000)]
  0x0000014cd334c1e0 JavaThread "Execution worker for ':' Thread 3" [_thread_blocked, id=15568, stack(0x0000003b81b00000,0x0000003b81c00000)]
  0x0000014cd334c730 JavaThread "Execution worker for ':' Thread 4" [_thread_blocked, id=9504, stack(0x0000003b81c00000,0x0000003b81d00000)]
  0x0000014cd334cc80 JavaThread "Execution worker for ':' Thread 5" [_thread_blocked, id=17320, stack(0x0000003b81d00000,0x0000003b81e00000)]
  0x0000014ce945b5b0 JavaThread "Execution worker for ':' Thread 6" [_thread_blocked, id=14796, stack(0x0000003b81e00000,0x0000003b81f00000)]
  0x0000014ce945c5a0 JavaThread "Execution worker for ':' Thread 7" [_thread_blocked, id=4196, stack(0x0000003b81f00000,0x0000003b82000000)]
  0x0000014ce945bb00 JavaThread "Cache worker for execution history cache (I:\Rebalanced\.gradle\7.0.2\executionHistory)" [_thread_blocked, id=12580, stack(0x0000003b82000000,0x0000003b82100000)]
  0x0000014ce945c050 JavaThread "Exec process" [_thread_in_native, id=8524, stack(0x0000003b82100000,0x0000003b82200000)]
  0x0000014ce945caf0 JavaThread "Exec process Thread 2" [_thread_in_native, id=520, stack(0x0000003b82200000,0x0000003b82300000)]
  0x0000014ce945e030 JavaThread "Exec process Thread 3" [_thread_in_native, id=16496, stack(0x0000003b82300000,0x0000003b82400000)]

Other Threads:
  0x0000014cc0a0a2f0 VMThread "VM Thread" [stack: 0x0000003bfd900000,0x0000003bfda00000] [id=17616]
  0x0000014cc1523fe0 WatcherThread [stack: 0x0000003bfe500000,0x0000003bfe600000] [id=7552]
  0x0000014ca12f3d90 GCTaskThread "GC Thread#0" [stack: 0x0000003bfd400000,0x0000003bfd500000] [id=13376]
  0x0000014cd344dbc0 GCTaskThread "GC Thread#1" [stack: 0x0000003bfe600000,0x0000003bfe700000] [id=9768]
  0x0000014cd33fdf20 GCTaskThread "GC Thread#2" [stack: 0x0000003bfe800000,0x0000003bfe900000] [id=19228]
  0x0000014cd33fe230 GCTaskThread "GC Thread#3" [stack: 0x0000003bfea00000,0x0000003bfeb00000] [id=13912]
  0x0000014cd344aa30 GCTaskThread "GC Thread#4" [stack: 0x0000003bfeb00000,0x0000003bfec00000] [id=12984]
  0x0000014cd344ad40 GCTaskThread "GC Thread#5" [stack: 0x0000003bfec00000,0x0000003bfed00000] [id=14884]
  0x0000014cd3579b30 GCTaskThread "GC Thread#6" [stack: 0x0000003b80000000,0x0000003b80100000] [id=16744]
  0x0000014cd355dad0 GCTaskThread "GC Thread#7" [stack: 0x0000003b80100000,0x0000003b80200000] [id=9372]
  0x0000014ca12fdd70 ConcurrentGCThread "G1 Main Marker" [stack: 0x0000003bfd500000,0x0000003bfd600000] [id=11928]
  0x0000014ca12fee90 ConcurrentGCThread "G1 Conc#0" [stack: 0x0000003bfd600000,0x0000003bfd700000] [id=11452]
  0x0000014cd3316af0 ConcurrentGCThread "G1 Conc#1" [stack: 0x0000003b80200000,0x0000003b80300000] [id=19788]
  0x0000014cc08c24d0 ConcurrentGCThread "G1 Refine#0" [stack: 0x0000003bfd700000,0x0000003bfd800000] [id=12020]
  0x0000014cc08c2e60 ConcurrentGCThread "G1 Service" [stack: 0x0000003bfd800000,0x0000003bfd900000] [id=2760]

Threads with active compile tasks:
JVMCI-native CompilerThread0    80707 7576       4       org.gradle.internal.logging.sink.OutputEventTransformer::onOutput (399 bytes)

VM state: not at safepoint (normal execution)

VM Mutex/Monitor currently owned by a thread: None

Heap address: 0x00000000c0000000, size: 1024 MB, Compressed Oops mode: 32-bit

CDS archive(s) mapped at: [0x0000000800000000-0x0000000800bb0000-0x0000000800bb0000), size 12255232, SharedBaseAddress: 0x0000000800000000, ArchiveRelocationMode: 0.
Compressed class space mapped at: 0x0000000800c00000-0x0000000840c00000, reserved size: 1073741824
Narrow klass base: 0x0000000800000000, Narrow klass shift: 3, Narrow klass range: 0x100000000

GC Precious Log:
 CPUs: 8 total, 8 available
 Memory: 16330M
 Large Page Support: Disabled
 NUMA Support: Disabled
 Compressed Oops: Enabled (32-bit)
 Heap Region Size: 1M
 Heap Min Capacity: 8M
 Heap Initial Capacity: 256M
 Heap Max Capacity: 1G
 Pre-touch: Disabled
 Parallel Workers: 8
 Concurrent Workers: 2
 Concurrent Refinement Workers: 8
 Periodic GC: Disabled

Heap:
 garbage-first heap   total 81920K, used 53727K [0x00000000c0000000, 0x0000000100000000)
  region size 1024K, 11 young (11264K), 2 survivors (2048K)
 Metaspace       used 61566K, committed 62144K, reserved 1105920K
  class space    used 7930K, committed 8192K, reserved 1048576K

Heap Regions: E=young(eden), S=young(survivor), O=old, HS=humongous(starts), HC=humongous(continues), CS=collection set, F=free, OA=open archive, CA=closed archive, TAMS=top-at-mark-start (previous, next)
|   0|0x00000000c0000000, 0x00000000c0100000, 0x00000000c0100000|100%| O|  |TAMS 0x00000000c0100000, 0x00000000c0000000| Untracked 
|   1|0x00000000c0100000, 0x00000000c0200000, 0x00000000c0200000|100%| O|  |TAMS 0x00000000c0200000, 0x00000000c0100000| Untracked 
|   2|0x00000000c0200000, 0x00000000c0264c00, 0x00000000c0300000| 39%| O|  |TAMS 0x00000000c0264c00, 0x00000000c0200000| Untracked 
|   3|0x00000000c0300000, 0x00000000c0400000, 0x00000000c0400000|100%|HS|  |TAMS 0x00000000c0400000, 0x00000000c0300000| Complete 
|   4|0x00000000c0400000, 0x00000000c0500000, 0x00000000c0500000|100%|HC|  |TAMS 0x00000000c0500000, 0x00000000c0400000| Complete 
|   5|0x00000000c0500000, 0x00000000c0600000, 0x00000000c0600000|100%|HC|  |TAMS 0x00000000c0600000, 0x00000000c0500000| Complete 
|   6|0x00000000c0600000, 0x00000000c0700000, 0x00000000c0700000|100%| O|  |TAMS 0x00000000c0700000, 0x00000000c0600000| Untracked 
|   7|0x00000000c0700000, 0x00000000c0800000, 0x00000000c0800000|100%| O|  |TAMS 0x00000000c0800000, 0x00000000c0700000| Untracked 
|   8|0x00000000c0800000, 0x00000000c0900000, 0x00000000c0900000|100%| O|  |TAMS 0x00000000c0900000, 0x00000000c0800000| Untracked 
|   9|0x00000000c0900000, 0x00000000c0a00000, 0x00000000c0a00000|100%| O|  |TAMS 0x00000000c0a00000, 0x00000000c0900000| Untracked 
|  10|0x00000000c0a00000, 0x00000000c0b00000, 0x00000000c0b00000|100%| O|  |TAMS 0x00000000c0b00000, 0x00000000c0a00000| Untracked 
|  11|0x00000000c0b00000, 0x00000000c0c00000, 0x00000000c0c00000|100%| O|  |TAMS 0x00000000c0c00000, 0x00000000c0b00000| Untracked 
|  12|0x00000000c0c00000, 0x00000000c0d00000, 0x00000000c0d00000|100%| O|  |TAMS 0x00000000c0d00000, 0x00000000c0c00000| Untracked 
|  13|0x00000000c0d00000, 0x00000000c0e00000, 0x00000000c0e00000|100%| O|  |TAMS 0x00000000c0e00000, 0x00000000c0d00000| Untracked 
|  14|0x00000000c0e00000, 0x00000000c0f00000, 0x00000000c0f00000|100%| O|  |TAMS 0x00000000c0f00000, 0x00000000c0e00000| Untracked 
|  15|0x00000000c0f00000, 0x00000000c1000000, 0x00000000c1000000|100%| O|  |TAMS 0x00000000c1000000, 0x00000000c0f00000| Untracked 
|  16|0x00000000c1000000, 0x00000000c1100000, 0x00000000c1100000|100%| O|  |TAMS 0x00000000c1100000, 0x00000000c1000000| Untracked 
|  17|0x00000000c1100000, 0x00000000c1200000, 0x00000000c1200000|100%| O|  |TAMS 0x00000000c1200000, 0x00000000c1100000| Untracked 
|  18|0x00000000c1200000, 0x00000000c1300000, 0x00000000c1300000|100%| O|  |TAMS 0x00000000c1300000, 0x00000000c1200000| Untracked 
|  19|0x00000000c1300000, 0x00000000c1400000, 0x00000000c1400000|100%| O|  |TAMS 0x00000000c1400000, 0x00000000c1300000| Untracked 
|  20|0x00000000c1400000, 0x00000000c1500000, 0x00000000c1500000|100%| O|  |TAMS 0x00000000c1500000, 0x00000000c1400000| Untracked 
|  21|0x00000000c1500000, 0x00000000c1600000, 0x00000000c1600000|100%| O|  |TAMS 0x00000000c1600000, 0x00000000c1500000| Untracked 
|  22|0x00000000c1600000, 0x00000000c1700000, 0x00000000c1700000|100%| O|  |TAMS 0x00000000c1700000, 0x00000000c1600000| Untracked 
|  23|0x00000000c1700000, 0x00000000c1800000, 0x00000000c1800000|100%| O|  |TAMS 0x00000000c1800000, 0x00000000c1700000| Untracked 
|  24|0x00000000c1800000, 0x00000000c1900000, 0x00000000c1900000|100%| O|  |TAMS 0x00000000c1900000, 0x00000000c1800000| Untracked 
|  25|0x00000000c1900000, 0x00000000c1a00000, 0x00000000c1a00000|100%| O|  |TAMS 0x00000000c1a00000, 0x00000000c1900000| Untracked 
|  26|0x00000000c1a00000, 0x00000000c1b00000, 0x00000000c1b00000|100%| O|  |TAMS 0x00000000c1b00000, 0x00000000c1a00000| Untracked 
|  27|0x00000000c1b00000, 0x00000000c1c00000, 0x00000000c1c00000|100%| O|  |TAMS 0x00000000c1c00000, 0x00000000c1b00000| Untracked 
|  28|0x00000000c1c00000, 0x00000000c1d00000, 0x00000000c1d00000|100%| O|  |TAMS 0x00000000c1d00000, 0x00000000c1c00000| Untracked 
|  29|0x00000000c1d00000, 0x00000000c1e00000, 0x00000000c1e00000|100%| O|  |TAMS 0x00000000c1e00000, 0x00000000c1d00000| Untracked 
|  30|0x00000000c1e00000, 0x00000000c1f00000, 0x00000000c1f00000|100%| O|  |TAMS 0x00000000c1f00000, 0x00000000c1e00000| Untracked 
|  31|0x00000000c1f00000, 0x00000000c2000000, 0x00000000c2000000|100%| O|  |TAMS 0x00000000c2000000, 0x00000000c1f00000| Untracked 
|  32|0x00000000c2000000, 0x00000000c2100000, 0x00000000c2100000|100%| O|  |TAMS 0x00000000c2100000, 0x00000000c2000000| Untracked 
|  33|0x00000000c2100000, 0x00000000c2200000, 0x00000000c2200000|100%| O|  |TAMS 0x00000000c2200000, 0x00000000c2100000| Untracked 
|  34|0x00000000c2200000, 0x00000000c2300000, 0x00000000c2300000|100%| O|  |TAMS 0x00000000c2300000, 0x00000000c2200000| Untracked 
|  35|0x00000000c2300000, 0x00000000c2400000, 0x00000000c2400000|100%| O|  |TAMS 0x00000000c2400000, 0x00000000c2300000| Untracked 
|  36|0x00000000c2400000, 0x00000000c2500000, 0x00000000c2500000|100%| O|  |TAMS 0x00000000c2500000, 0x00000000c2400000| Untracked 
|  37|0x00000000c2500000, 0x00000000c2600000, 0x00000000c2600000|100%| O|  |TAMS 0x00000000c2600000, 0x00000000c2500000| Untracked 
|  38|0x00000000c2600000, 0x00000000c2700000, 0x00000000c2700000|100%| O|  |TAMS 0x00000000c2700000, 0x00000000c2600000| Untracked 
|  39|0x00000000c2700000, 0x00000000c2800000, 0x00000000c2800000|100%| O|  |TAMS 0x00000000c2800000, 0x00000000c2700000| Untracked 
|  40|0x00000000c2800000, 0x00000000c2900000, 0x00000000c2900000|100%| O|  |TAMS 0x00000000c2900000, 0x00000000c2800000| Untracked 
|  41|0x00000000c2900000, 0x00000000c2a00000, 0x00000000c2a00000|100%| O|  |TAMS 0x00000000c29bc000, 0x00000000c2900000| Untracked 
|  42|0x00000000c2a00000, 0x00000000c2b00000, 0x00000000c2b00000|100%| O|  |TAMS 0x00000000c2a00000, 0x00000000c2a00000| Untracked 
|  43|0x00000000c2b00000, 0x00000000c2b23600, 0x00000000c2c00000| 13%| O|  |TAMS 0x00000000c2b00000, 0x00000000c2b00000| Untracked 
|  44|0x00000000c2c00000, 0x00000000c2c00000, 0x00000000c2d00000|  0%| F|  |TAMS 0x00000000c2c00000, 0x00000000c2c00000| Untracked 
|  45|0x00000000c2d00000, 0x00000000c2d00000, 0x00000000c2e00000|  0%| F|  |TAMS 0x00000000c2d00000, 0x00000000c2d00000| Untracked 
|  46|0x00000000c2e00000, 0x00000000c2e00000, 0x00000000c2f00000|  0%| F|  |TAMS 0x00000000c2e00000, 0x00000000c2e00000| Untracked 
|  47|0x00000000c2f00000, 0x00000000c2f00000, 0x00000000c3000000|  0%| F|  |TAMS 0x00000000c2f00000, 0x00000000c2f00000| Untracked 
|  48|0x00000000c3000000, 0x00000000c3000000, 0x00000000c3100000|  0%| F|  |TAMS 0x00000000c3000000, 0x00000000c3000000| Untracked 
|  49|0x00000000c3100000, 0x00000000c3100000, 0x00000000c3200000|  0%| F|  |TAMS 0x00000000c3100000, 0x00000000c3100000| Untracked 
|  50|0x00000000c3200000, 0x00000000c3200000, 0x00000000c3300000|  0%| F|  |TAMS 0x00000000c3200000, 0x00000000c3200000| Untracked 
|  51|0x00000000c3300000, 0x00000000c3300000, 0x00000000c3400000|  0%| F|  |TAMS 0x00000000c3300000, 0x00000000c3300000| Untracked 
|  52|0x00000000c3400000, 0x00000000c3400000, 0x00000000c3500000|  0%| F|  |TAMS 0x00000000c3400000, 0x00000000c3400000| Untracked 
|  53|0x00000000c3500000, 0x00000000c3500000, 0x00000000c3600000|  0%| F|  |TAMS 0x00000000c3500000, 0x00000000c3500000| Untracked 
|  54|0x00000000c3600000, 0x00000000c36efaa8, 0x00000000c3700000| 93%| S|CS|TAMS 0x00000000c3600000, 0x00000000c3600000| Complete 
|  55|0x00000000c3700000, 0x00000000c3800000, 0x00000000c3800000|100%| S|CS|TAMS 0x00000000c3700000, 0x00000000c3700000| Complete 
|  56|0x00000000c3800000, 0x00000000c3800000, 0x00000000c3900000|  0%| F|  |TAMS 0x00000000c3800000, 0x00000000c3800000| Untracked 
|  57|0x00000000c3900000, 0x00000000c3900000, 0x00000000c3a00000|  0%| F|  |TAMS 0x00000000c3900000, 0x00000000c3900000| Untracked 
|  58|0x00000000c3a00000, 0x00000000c3a00000, 0x00000000c3b00000|  0%| F|  |TAMS 0x00000000c3a00000, 0x00000000c3a00000| Untracked 
|  59|0x00000000c3b00000, 0x00000000c3b00000, 0x00000000c3c00000|  0%| F|  |TAMS 0x00000000c3b00000, 0x00000000c3b00000| Untracked 
|  60|0x00000000c3c00000, 0x00000000c3c00000, 0x00000000c3d00000|  0%| F|  |TAMS 0x00000000c3c00000, 0x00000000c3c00000| Untracked 
|  61|0x00000000c3d00000, 0x00000000c3d00000, 0x00000000c3e00000|  0%| F|  |TAMS 0x00000000c3d00000, 0x00000000c3d00000| Untracked 
|  62|0x00000000c3e00000, 0x00000000c3e00000, 0x00000000c3f00000|  0%| F|  |TAMS 0x00000000c3e00000, 0x00000000c3e00000| Untracked 
|  63|0x00000000c3f00000, 0x00000000c3f00000, 0x00000000c4000000|  0%| F|  |TAMS 0x00000000c3f00000, 0x00000000c3f00000| Untracked 
|  64|0x00000000c4000000, 0x00000000c4000000, 0x00000000c4100000|  0%| F|  |TAMS 0x00000000c4000000, 0x00000000c4000000| Untracked 
|  65|0x00000000c4100000, 0x00000000c4100000, 0x00000000c4200000|  0%| F|  |TAMS 0x00000000c4100000, 0x00000000c4100000| Untracked 
|  66|0x00000000c4200000, 0x00000000c4200000, 0x00000000c4300000|  0%| F|  |TAMS 0x00000000c4200000, 0x00000000c4200000| Untracked 
|  67|0x00000000c4300000, 0x00000000c4300000, 0x00000000c4400000|  0%| F|  |TAMS 0x00000000c4300000, 0x00000000c4300000| Untracked 
| 139|0x00000000c8b00000, 0x00000000c8b00000, 0x00000000c8c00000|  0%| F|  |TAMS 0x00000000c8b00000, 0x00000000c8b00000| Untracked 
| 140|0x00000000c8c00000, 0x00000000c8c00000, 0x00000000c8d00000|  0%| F|  |TAMS 0x00000000c8c00000, 0x00000000c8c00000| Untracked 
| 141|0x00000000c8d00000, 0x00000000c8d00000, 0x00000000c8e00000|  0%| F|  |TAMS 0x00000000c8d00000, 0x00000000c8d00000| Untracked 
| 142|0x00000000c8e00000, 0x00000000c8e35360, 0x00000000c8f00000| 20%| E|  |TAMS 0x00000000c8e00000, 0x00000000c8e00000| Complete 
| 143|0x00000000c8f00000, 0x00000000c9000000, 0x00000000c9000000|100%| E|CS|TAMS 0x00000000c8f00000, 0x00000000c8f00000| Complete 
| 144|0x00000000c9000000, 0x00000000c9100000, 0x00000000c9100000|100%| E|CS|TAMS 0x00000000c9000000, 0x00000000c9000000| Complete 
| 145|0x00000000c9100000, 0x00000000c9200000, 0x00000000c9200000|100%| E|CS|TAMS 0x00000000c9100000, 0x00000000c9100000| Complete 
| 146|0x00000000c9200000, 0x00000000c9300000, 0x00000000c9300000|100%| E|CS|TAMS 0x00000000c9200000, 0x00000000c9200000| Complete 
| 147|0x00000000c9300000, 0x00000000c9400000, 0x00000000c9400000|100%| E|CS|TAMS 0x00000000c9300000, 0x00000000c9300000| Complete 
| 148|0x00000000c9400000, 0x00000000c9500000, 0x00000000c9500000|100%| E|CS|TAMS 0x00000000c9400000, 0x00000000c9400000| Complete 
| 149|0x00000000c9500000, 0x00000000c9600000, 0x00000000c9600000|100%| E|CS|TAMS 0x00000000c9500000, 0x00000000c9500000| Complete 
| 255|0x00000000cff00000, 0x00000000d0000000, 0x00000000d0000000|100%| E|CS|TAMS 0x00000000cff00000, 0x00000000cff00000| Complete 

Card table byte_map: [0x0000014cbbbb0000,0x0000014cbbdb0000] _byte_map_base: 0x0000014cbb5b0000

Marking Bits (Prev, Next): (CMBitMap*) 0x0000014ca12f43d0, (CMBitMap*) 0x0000014ca12f4390
 Prev Bits: [0x0000014cbcfb0000, 0x0000014cbdfb0000)
 Next Bits: [0x0000014cbbfb0000, 0x0000014cbcfb0000)

Polling page: 0x0000014ca13a0000

Metaspace:

Usage:
  Non-class:     52.38 MB used.
      Class:      7.74 MB used.
       Both:     60.12 MB used.

Virtual space:
  Non-class space:       56.00 MB reserved,      52.69 MB ( 94%) committed,  7 nodes.
      Class space:        1.00 GB reserved,       8.00 MB ( <1%) committed,  1 nodes.
              Both:        1.05 GB reserved,      60.69 MB (  6%) committed. 

Chunk freelists:
   Non-Class:  2.79 MB
       Class:  3.97 MB
        Both:  6.76 MB

MaxMetaspaceSize: 17179869184.00 GB
CompressedClassSpaceSize: 1.00 GB
 - commit_granule_bytes: 65536.
 - commit_granule_words: 8192.
 - virtual_space_node_default_size: 1048576.
 - enlarge_chunks_in_place: 1.
 - new_chunks_are_fully_committed: 0.
 - uncommit_free_chunks: 1.
 - use_allocation_guard: 0.
 - handle_deallocations: 1.


Internal statistics:

num_allocs_failed_limit: 6.
num_arena_births: 610.
num_arena_deaths: 0.
num_vsnodes_births: 8.
num_vsnodes_deaths: 0.
num_space_committed: 971.
num_space_uncommitted: 0.
num_chunks_returned_to_freelist: 6.
num_chunks_taken_from_freelist: 2766.
num_chunk_merges: 6.
num_chunk_splits: 1833.
num_chunks_enlarged: 1219.
num_purges: 0.

CodeHeap 'non-profiled nmethods': size=120000Kb used=3106Kb max_used=3106Kb free=116893Kb
 bounds [0x0000014cb3a10000, 0x0000014cb3d20000, 0x0000014cbaf40000]
CodeHeap 'profiled nmethods': size=120000Kb used=15798Kb max_used=15798Kb free=104201Kb
 bounds [0x0000014cac4e0000, 0x0000014cad450000, 0x0000014cb3a10000]
CodeHeap 'non-nmethods': size=5760Kb used=2407Kb max_used=2434Kb free=3352Kb
 bounds [0x0000014cabf40000, 0x0000014cac1b0000, 0x0000014cac4e0000]
 total_blobs=7613 nmethods=6705 adapters=818
 compilation: enabled
              stopped_count=0, restarted_count=0
 full_count=0

JVMCI Events (9 events):
Event: 0.018 Thread 0x0000014ca12c6a90 created new JVMCI runtime 0 (0x0000014cc08c3dc0)
Event: 0.018 Thread 0x0000014ca12c6a90 created new JVMCI runtime -1 (0x0000014cc08c3fc0)
Event: 0.084 Thread 0x0000014cc0a33a80 loaded JVMCI shared library from C:\Program Files\Java\graalvm-ce-java16-21.1.0\bin\jvmcicompiler.dll
Event: 0.102 Thread 0x0000014cc0a33a80 created JavaVM[1]@0x0000014cc22031f8 for JVMCI runtime 0
Event: 0.102 Thread 0x0000014cc0a33a80 initializing JVMCI runtime 0
Event: 0.105 Thread 0x0000014cc0a33a80 initialized JVMCI runtime 0
Event: 12.077 Thread 0x0000014cd33fc9d0 initializing JVMCI runtime -1
Event: 12.168 Thread 0x0000014cd33fc9d0 initialized JVMCI runtime -1
Event: 12.293 Thread 0x0000014cd33fc9d0 attached to JavaVM for JVMCI runtime 0

Compilation events (20 events):
Event: 77.042 Thread 0x0000014cc0a33a80 nmethod 7567 0x0000014cb3d16210 code [0x0000014cb3d16400, 0x0000014cb3d16aa0]
Event: 77.216 Thread 0x0000014cc0a33a80 7568       4       net.fabricmc.loom.util.ConsumingOutputStream::flush (60 bytes)
Event: 77.245 Thread 0x0000014cc0a33a80 nmethod 7568 0x0000014cb3d16f10 code [0x0000014cb3d17140, 0x0000014cb3d17ca0]
Event: 77.415 Thread 0x0000014cc0a3c4b0 7569       3       java.util.Vector::elementData (7 bytes)
Event: 77.415 Thread 0x0000014cc0a3c4b0 nmethod 7569 0x0000014cad448a10 code [0x0000014cad448ba0, 0x0000014cad448cd8]
Event: 77.777 Thread 0x0000014cc0a3c4b0 7570  s    3       java.util.Stack::peek (25 bytes)
Event: 77.777 Thread 0x0000014cc0a3c4b0 nmethod 7570 0x0000014cad448d90 code [0x0000014cad448f60, 0x0000014cad4496b8]
Event: 77.777 Thread 0x0000014cc0a3c4b0 7571  s    3       java.util.Vector::elementAt (48 bytes)
Event: 77.778 Thread 0x0000014cc0a3c4b0 nmethod 7571 0x0000014cad449810 code [0x0000014cad449a60, 0x0000014cad44a4a8]
Event: 77.778 Thread 0x0000014cc0a3c4b0 7572  s    3       java.util.Vector::removeElementAt (115 bytes)
Event: 77.778 Thread 0x0000014cc0a3c4b0 nmethod 7572 0x0000014cad44a810 code [0x0000014cad44aaa0, 0x0000014cad44b7c8]
Event: 78.370 Thread 0x0000014cc0a3c4b0 7573  s    3       java.util.Stack::pop (19 bytes)
Event: 78.371 Thread 0x0000014cc0a3c4b0 nmethod 7573 0x0000014cad44bb90 code [0x0000014cad44bda0, 0x0000014cad44cb88]
Event: 78.454 Thread 0x0000014cc0a33a80 7574   !   4       com.esotericsoftware.kryo.io.Output::flush (57 bytes)
Event: 78.468 Thread 0x0000014cc0a33a80 nmethod 7574 0x0000014cb3d18210 code [0x0000014cb3d18380, 0x0000014cb3d18468]
Event: 79.682 Thread 0x0000014cc0a33a80 7575       4       org.gradle.internal.operations.logging.LoggingBuildOperationProgressBroadcaster::onOutput (105 bytes)
Event: 79.688 Thread 0x0000014cc0a33a80 nmethod 7575 0x0000014cb3d18590 code [0x0000014cb3d18720, 0x0000014cb3d188b8]
Event: 79.916 Thread 0x0000014cc0a33a80 7576       4       org.gradle.internal.logging.sink.OutputEventTransformer::onOutput (399 bytes)
Event: 79.917 Thread 0x0000014cc0a3c4b0 7578       3       org.gradle.internal.operations.logging.LoggingBuildOperationProgressBroadcaster::onOutput (105 bytes)
Event: 79.917 Thread 0x0000014cc0a3c4b0 nmethod 7578 0x0000014cad44ce10 code [0x0000014cad44d020, 0x0000014cad44e4b8]

GC Heap History (20 events):
Event: 8.639 GC heap before
{Heap before GC invocations=7 (full 0):
 garbage-first heap   total 75776K, used 40748K [0x00000000c0000000, 0x0000000100000000)
  region size 1024K, 15 young (15360K), 2 survivors (2048K)
 Metaspace       used 35352K, committed 35648K, reserved 1081344K
  class space    used 4636K, committed 4800K, reserved 1048576K
}
Event: 8.641 GC heap after
{Heap after GC invocations=8 (full 0):
 garbage-first heap   total 75776K, used 28983K [0x00000000c0000000, 0x0000000100000000)
  region size 1024K, 3 young (3072K), 3 survivors (3072K)
 Metaspace       used 35352K, committed 35648K, reserved 1081344K
  class space    used 4636K, committed 4800K, reserved 1048576K
}
Event: 9.468 GC heap before
{Heap before GC invocations=9 (full 0):
 garbage-first heap   total 75776K, used 55607K [0x00000000c0000000, 0x0000000100000000)
  region size 1024K, 29 young (29696K), 3 survivors (3072K)
 Metaspace       used 38192K, committed 38528K, reserved 1089536K
  class space    used 5019K, committed 5184K, reserved 1048576K
}
Event: 9.471 GC heap after
{Heap after GC invocations=10 (full 0):
 garbage-first heap   total 75776K, used 30946K [0x00000000c0000000, 0x0000000100000000)
  region size 1024K, 3 young (3072K), 3 survivors (3072K)
 Metaspace       used 38192K, committed 38528K, reserved 1089536K
  class space    used 5019K, committed 5184K, reserved 1048576K
}
Event: 10.045 GC heap before
{Heap before GC invocations=10 (full 0):
 garbage-first heap   total 75776K, used 56546K [0x00000000c0000000, 0x0000000100000000)
  region size 1024K, 28 young (28672K), 3 survivors (3072K)
 Metaspace       used 41845K, committed 42240K, reserved 1089536K
  class space    used 5404K, committed 5568K, reserved 1048576K
}
Event: 10.048 GC heap after
{Heap after GC invocations=11 (full 0):
 garbage-first heap   total 75776K, used 33093K [0x00000000c0000000, 0x0000000100000000)
  region size 1024K, 4 young (4096K), 4 survivors (4096K)
 Metaspace       used 41845K, committed 42240K, reserved 1089536K
  class space    used 5404K, committed 5568K, reserved 1048576K
}
Event: 10.879 GC heap before
{Heap before GC invocations=11 (full 0):
 garbage-first heap   total 75776K, used 58693K [0x00000000c0000000, 0x0000000100000000)
  region size 1024K, 29 young (29696K), 4 survivors (4096K)
 Metaspace       used 45781K, committed 46208K, reserved 1089536K
  class space    used 5941K, committed 6144K, reserved 1048576K
}
Event: 10.883 GC heap after
{Heap after GC invocations=12 (full 0):
 garbage-first heap   total 75776K, used 34415K [0x00000000c0000000, 0x0000000100000000)
  region size 1024K, 2 young (2048K), 2 survivors (2048K)
 Metaspace       used 45781K, committed 46208K, reserved 1089536K
  class space    used 5941K, committed 6144K, reserved 1048576K
}
Event: 11.492 GC heap before
{Heap before GC invocations=12 (full 0):
 garbage-first heap   total 75776K, used 58991K [0x00000000c0000000, 0x0000000100000000)
  region size 1024K, 26 young (26624K), 2 survivors (2048K)
 Metaspace       used 47784K, committed 48256K, reserved 1097728K
  class space    used 6245K, committed 6464K, reserved 1048576K
}
Event: 11.495 GC heap after
{Heap after GC invocations=13 (full 0):
 garbage-first heap   total 75776K, used 37015K [0x00000000c0000000, 0x0000000100000000)
  region size 1024K, 4 young (4096K), 4 survivors (4096K)
 Metaspace       used 47784K, committed 48256K, reserved 1097728K
  class space    used 6245K, committed 6464K, reserved 1048576K
}
Event: 11.878 GC heap before
{Heap before GC invocations=13 (full 0):
 garbage-first heap   total 75776K, used 59543K [0x00000000c0000000, 0x0000000100000000)
  region size 1024K, 26 young (26624K), 4 survivors (4096K)
 Metaspace       used 48338K, committed 48832K, reserved 1097728K
  class space    used 6330K, committed 6592K, reserved 1048576K
}
Event: 11.883 GC heap after
{Heap after GC invocations=14 (full 0):
 garbage-first heap   total 75776K, used 39345K [0x00000000c0000000, 0x0000000100000000)
  region size 1024K, 3 young (3072K), 3 survivors (3072K)
 Metaspace       used 48338K, committed 48832K, reserved 1097728K
  class space    used 6330K, committed 6592K, reserved 1048576K
}
Event: 12.838 GC heap before
{Heap before GC invocations=14 (full 0):
 garbage-first heap   total 75776K, used 59825K [0x00000000c0000000, 0x0000000100000000)
  region size 1024K, 23 young (23552K), 3 survivors (3072K)
 Metaspace       used 55547K, committed 56064K, reserved 1097728K
  class space    used 7152K, committed 7424K, reserved 1048576K
}
Event: 12.841 GC heap after
{Heap after GC invocations=15 (full 0):
 garbage-first heap   total 75776K, used 42165K [0x00000000c0000000, 0x0000000100000000)
  region size 1024K, 3 young (3072K), 3 survivors (3072K)
 Metaspace       used 55547K, committed 56064K, reserved 1097728K
  class space    used 7152K, committed 7424K, reserved 1048576K
}
Event: 13.408 GC heap before
{Heap before GC invocations=16 (full 0):
 garbage-first heap   total 75776K, used 58549K [0x00000000c0000000, 0x0000000100000000)
  region size 1024K, 20 young (20480K), 3 survivors (3072K)
 Metaspace       used 57687K, committed 58240K, reserved 1105920K
  class space    used 7436K, committed 7680K, reserved 1048576K
}
Event: 13.411 GC heap after
{Heap after GC invocations=17 (full 0):
 garbage-first heap   total 75776K, used 43613K [0x00000000c0000000, 0x0000000100000000)
  region size 1024K, 2 young (2048K), 2 survivors (2048K)
 Metaspace       used 57687K, committed 58240K, reserved 1105920K
  class space    used 7436K, committed 7680K, reserved 1048576K
}
Event: 14.377 GC heap before
{Heap before GC invocations=18 (full 0):
 garbage-first heap   total 81920K, used 63069K [0x00000000c0000000, 0x0000000100000000)
  region size 1024K, 18 young (18432K), 2 survivors (2048K)
 Metaspace       used 58806K, committed 59328K, reserved 1105920K
  class space    used 7497K, committed 7744K, reserved 1048576K
}
Event: 14.380 GC heap after
{Heap after GC invocations=19 (full 0):
 garbage-first heap   total 81920K, used 44366K [0x00000000c0000000, 0x0000000100000000)
  region size 1024K, 3 young (3072K), 3 survivors (3072K)
 Metaspace       used 58806K, committed 59328K, reserved 1105920K
  class space    used 7497K, committed 7744K, reserved 1048576K
}
Event: 55.061 GC heap before
{Heap before GC invocations=19 (full 0):
 garbage-first heap   total 81920K, used 65870K [0x00000000c0000000, 0x0000000100000000)
  region size 1024K, 24 young (24576K), 3 survivors (3072K)
 Metaspace       used 61394K, committed 61952K, reserved 1105920K
  class space    used 7922K, committed 8192K, reserved 1048576K
}
Event: 55.066 GC heap after
{Heap after GC invocations=20 (full 0):
 garbage-first heap   total 81920K, used 45535K [0x00000000c0000000, 0x0000000100000000)
  region size 1024K, 2 young (2048K), 2 survivors (2048K)
 Metaspace       used 61394K, committed 61952K, reserved 1105920K
  class space    used 7922K, committed 8192K, reserved 1048576K
}

Deoptimization events (20 events):
Event: 55.014 Thread 0x0000014cdef36060 Uncommon trap: trap_request=0xffffffcd fr.pc=0x0000014cb3c4e7a0 relative=0x00000000000007a0
Event: 55.014 Thread 0x0000014cdef36060 Uncommon trap: reason=intrinsic_or_type_checked_inlining action=reinterpret pc=0x0000014cb3c4e7a0 method=java.util.TreeMap.getEntry(Ljava/lang/Object;)Ljava/util/TreeMap$Entry; @ 0 jvmci
Event: 55.014 Thread 0x0000014cdef36060 DEOPT PACKING pc=0x0000014cb3c4e7a0 sp=0x0000003bff2f99d0
Event: 55.014 Thread 0x0000014cdef36060 DEOPT UNPACKING pc=0x0000014cabf8dcdb sp=0x0000003bff2f8e90 mode 3
Event: 63.101 Thread 0x0000014ce945caf0 DEOPT PACKING pc=0x0000014cad40b88e sp=0x0000003b822fecf0
Event: 63.101 Thread 0x0000014ce945caf0 DEOPT UNPACKING pc=0x0000014cabf8dcdb sp=0x0000003b822fe200 mode 0
Event: 70.320 Thread 0x0000014ce945caf0 Uncommon trap: trap_request=0xffffffe5 fr.pc=0x0000014cb3d09a6d relative=0x000000000000034d
Event: 70.320 Thread 0x0000014ce945caf0 Uncommon trap: reason=range_check action=reinterpret pc=0x0000014cb3d09a6d method=java.lang.StringLatin1.trim([B)Ljava/lang/String; @ 0 jvmci
Event: 70.320 Thread 0x0000014ce945caf0 DEOPT PACKING pc=0x0000014cb3d09a6d sp=0x0000003b822fec30
Event: 70.320 Thread 0x0000014ce945caf0 DEOPT UNPACKING pc=0x0000014cabf8dcdb sp=0x0000003b822fe0c0 mode 3
Event: 71.117 Thread 0x0000014cdef365b0 DEOPT PACKING pc=0x0000014cad3ec7a9 sp=0x0000003bff3feba0
Event: 71.117 Thread 0x0000014cdef365b0 DEOPT UNPACKING pc=0x0000014cabf8dcdb sp=0x0000003bff3fe040 mode 0
Event: 72.425 Thread 0x0000014ce945caf0 Uncommon trap: trap_request=0xffffffe5 fr.pc=0x0000014cb3d0e26b relative=0x000000000000090b
Event: 72.425 Thread 0x0000014ce945caf0 Uncommon trap: reason=range_check action=reinterpret pc=0x0000014cb3d0e26b method=net.fabricmc.loom.util.ConsumingOutputStream.flush()V @ 26 jvmci
Event: 72.425 Thread 0x0000014ce945caf0 DEOPT PACKING pc=0x0000014cb3d0e26b sp=0x0000003b822fecc0
Event: 72.425 Thread 0x0000014ce945caf0 DEOPT UNPACKING pc=0x0000014cabf8dcdb sp=0x0000003b822fe168 mode 3
Event: 79.697 Thread 0x0000014ce945caf0 Uncommon trap: trap_request=0xffffffcd fr.pc=0x0000014cb3d18855 relative=0x0000000000000135
Event: 79.697 Thread 0x0000014ce945caf0 Uncommon trap: reason=intrinsic_or_type_checked_inlining action=reinterpret pc=0x0000014cb3d18855 method=org.gradle.internal.operations.logging.LoggingBuildOperationProgressBroadcaster.onOutput(Lorg/gradle/internal/logging/events/OutputEvent;)V @ 0 jvmci
Event: 79.697 Thread 0x0000014ce945caf0 DEOPT PACKING pc=0x0000014cb3d18855 sp=0x0000003b822fea70
Event: 79.697 Thread 0x0000014ce945caf0 DEOPT UNPACKING pc=0x0000014cabf8dcdb sp=0x0000003b822fdef8 mode 3

Classes unloaded (0 events):
No events

Classes redefined (0 events):
No events

Internal exceptions (20 events):
Event: 13.162 Thread 0x0000014cdef36060 Exception <a 'java/lang/ClassNotFoundException'{0x00000000c8ce3370}: org/gradle/api/tasks/compile/CompileOptions_DecoratedBeanInfo> (0x00000000c8ce3370) 
thrown [c:\buildbot\worker\e\main\jdk\src\hotspot\share\classfile\systemDictionary.cpp, line 256]
Event: 13.163 Thread 0x0000014cdef36060 Exception <a 'java/lang/ClassNotFoundException'{0x00000000c8cf3358}: org/gradle/api/tasks/compile/CompileOptionsBeanInfo> (0x00000000c8cf3358) 
thrown [c:\buildbot\worker\e\main\jdk\src\hotspot\share\classfile\systemDictionary.cpp, line 256]
Event: 13.164 Thread 0x0000014cdef36060 Exception <a 'java/lang/ClassNotFoundException'{0x00000000c8b04c30}: org/gradle/api/tasks/compile/AbstractOptionsBeanInfo> (0x00000000c8b04c30) 
thrown [c:\buildbot\worker\e\main\jdk\src\hotspot\share\classfile\systemDictionary.cpp, line 256]
Event: 13.165 Thread 0x0000014cdef36060 Exception <a 'java/lang/ClassNotFoundException'{0x00000000c8b14c00}: org/gradle/api/tasks/compile/AbstractOptionsCustomizer> (0x00000000c8b14c00) 
thrown [c:\buildbot\worker\e\main\jdk\src\hotspot\share\classfile\systemDictionary.cpp, line 256]
Event: 13.166 Thread 0x0000014cdef36060 Exception <a 'java/lang/ClassNotFoundException'{0x00000000c8b28288}: org/gradle/api/tasks/compile/CompileOptionsCustomizer> (0x00000000c8b28288) 
thrown [c:\buildbot\worker\e\main\jdk\src\hotspot\share\classfile\systemDictionary.cpp, line 256]
Event: 13.169 Thread 0x0000014cdef36060 Exception <a 'java/lang/ClassNotFoundException'{0x00000000c8b6a128}: org/gradle/api/tasks/compile/CompileOptions_DecoratedCustomizer> (0x00000000c8b6a128) 
thrown [c:\buildbot\worker\e\main\jdk\src\hotspot\share\classfile\systemDictionary.cpp, line 256]
Event: 13.227 Thread 0x0000014cdef36060 Implicit null exception at 0x0000014cb3a496f5 to 0x0000014cb3a49b49
Event: 13.253 Thread 0x0000014cdee5d3e0 Implicit null exception at 0x0000014cb3a48e75 to 0x0000014cb3a492c9
Event: 13.327 Thread 0x0000014cdef36060 Exception <a 'sun/nio/fs/WindowsException'{0x00000000c3b4f5b8}> (0x00000000c3b4f5b8) 
thrown [c:\buildbot\worker\e\main\jdk\src\hotspot\share\prims\jni.cpp, line 579]
Event: 13.328 Thread 0x0000014cdef36060 Exception <a 'sun/nio/fs/WindowsException'{0x00000000c3b507b8}> (0x00000000c3b507b8) 
thrown [c:\buildbot\worker\e\main\jdk\src\hotspot\share\prims\jni.cpp, line 579]
Event: 13.376 Thread 0x0000014cdef36060 Exception <a 'java/lang/NoSuchMethodError'{0x00000000c3a6d068}: 'int java.lang.invoke.DirectMethodHandle$Holder.invokeStaticInit(java.lang.Object, int, java.lang.Object, int)'> (0x00000000c3a6d068) 
thrown [c:\buildbot\worker\e\main\jdk\src\hotspot\share\interpreter\linkResolver.cpp, line 790]
Event: 14.564 Thread 0x0000014cdef36060 Exception <a 'java/lang/NoSuchMethodError'{0x00000000c91a7c90}: 'int java.lang.invoke.DirectMethodHandle$Holder.invokeInterface(java.lang.Object, java.lang.Object, java.lang.Object, java.lang.Object)'> (0x00000000c91a7c90) 
thrown [c:\buildbot\worker\e\main\jdk\src\hotspot\share\interpreter\linkResolver.cpp, line 790]
Event: 14.920 Thread 0x0000014cdef36060 Exception <a 'java/lang/IncompatibleClassChangeError'{0x00000000c4218510}: Found class java.lang.Object, but interface was expected> (0x00000000c4218510) 
thrown [c:\buildbot\worker\e\main\jdk\src\hotspot\share\interpreter\linkResolver.cpp, line 857]
Event: 14.954 Thread 0x0000014cdef36060 Exception <a 'java/lang/NoSuchMethodError'{0x00000000c42f32f0}: 'void java.lang.invoke.DirectMethodHandle$Holder.invokeVirtual(java.lang.Object, java.lang.Object)'> (0x00000000c42f32f0) 
thrown [c:\buildbot\worker\e\main\jdk\src\hotspot\share\interpreter\linkResolver.cpp, line 790]
Event: 15.099 Thread 0x0000014ce945c050 Exception <a 'java/lang/NoSuchMethodError'{0x00000000c3c72210}: 'void java.lang.invoke.DirectMethodHandle$Holder.invokeStatic(java.lang.Object, long)'> (0x00000000c3c72210) 
thrown [c:\buildbot\worker\e\main\jdk\src\hotspot\share\interpreter\linkResolver.cpp, line 790]
Event: 15.101 Thread 0x0000014ce945c050 Exception <a 'java/lang/NoSuchMethodError'{0x00000000c3c7f5c0}: 'java.lang.Object java.lang.invoke.DirectMethodHandle$Holder.invokeStatic(java.lang.Object, java.lang.Object, long, java.lang.Object)'> (0x00000000c3c7f5c0) 
thrown [c:\buildbot\worker\e\main\jdk\src\hotspot\share\interpreter\linkResolver.cpp, line 790]
Event: 15.102 Thread 0x0000014ce945c050 Exception <a 'java/lang/NoSuchMethodError'{0x00000000c3c834a0}: 'java.lang.Object java.lang.invoke.DirectMethodHandle$Holder.invokeStaticInit(java.lang.Object, java.lang.Object, long, java.lang.Object)'> (0x00000000c3c834a0) 
thrown [c:\buildbot\worker\e\main\jdk\src\hotspot\share\interpreter\linkResolver.cpp, line 790]
Event: 15.102 Thread 0x0000014ce945c050 Exception <a 'java/lang/NoSuchMethodError'{0x00000000c3c89e00}: 'java.lang.Object java.lang.invoke.DirectMethodHandle$Holder.newInvokeSpecial(java.lang.Object, java.lang.Object, long)'> (0x00000000c3c89e00) 
thrown [c:\buildbot\worker\e\main\jdk\src\hotspot\share\interpreter\linkResolver.cpp, line 790]
Event: 15.103 Thread 0x0000014ce945c050 Exception <a 'java/lang/NoSuchMethodError'{0x00000000c3c8de40}: 'java.lang.Object java.lang.invoke.Invokers$Holder.linkToTargetMethod(java.lang.Object, long, java.lang.Object)'> (0x00000000c3c8de40) 
thrown [c:\buildbot\worker\e\main\jdk\src\hotspot\share\interpreter\linkResolver.cpp, line 790]
Event: 55.013 Thread 0x0000014cdef36060 Exception <a 'java/lang/NoSuchMethodError'{0x00000000c3ae7550}: 'void java.lang.invoke.DirectMethodHandle$Holder.invokeInterface(java.lang.Object, java.lang.Object, java.lang.Object, java.lang.Object)'> (0x00000000c3ae7550) 
thrown [c:\buildbot\worker\e\main\jdk\src\hotspot\share\interpreter\linkResolver.cpp, line 790]

Events (20 events):
Event: 63.198 Executing  VM operation: Cleanup
Event: 63.198 Executing  VM operation: Cleanup done
Event: 64.199 Executing  VM operation: Cleanup
Event: 64.199 Executing  VM operation: Cleanup done
Event: 65.201 Executing  VM operation: Cleanup
Event: 65.201 Executing  VM operation: Cleanup done
Event: 66.216 Executing  VM operation: Cleanup
Event: 66.216 Executing  VM operation: Cleanup done
Event: 71.234 Executing  VM operation: Cleanup
Event: 71.234 Executing  VM operation: Cleanup done
Event: 73.252 Executing  VM operation: Cleanup
Event: 73.252 Executing  VM operation: Cleanup done
Event: 74.261 Executing  VM operation: Cleanup
Event: 74.261 Executing  VM operation: Cleanup done
Event: 76.269 Executing  VM operation: Cleanup
Event: 76.732 Executing  VM operation: Cleanup done
Event: 77.741 Executing  VM operation: Cleanup
Event: 77.741 Executing  VM operation: Cleanup done
Event: 79.755 Executing  VM operation: Cleanup
Event: 79.756 Executing  VM operation: Cleanup done


Dynamic libraries:
0x00007ff613bd0000 - 0x00007ff613bde000 	C:\Program Files\Java\graalvm-ce-java16-21.1.0\bin\java.exe
0x00007ffac4c10000 - 0x00007ffac4e05000 	C:\WINDOWS\SYSTEM32\ntdll.dll
0x00007ffac2d30000 - 0x00007ffac2ded000 	C:\WINDOWS\System32\KERNEL32.DLL
0x00007ffac24a0000 - 0x00007ffac2769000 	C:\WINDOWS\System32\KERNELBASE.dll
0x00007ffac2a40000 - 0x00007ffac2b40000 	C:\WINDOWS\System32\ucrtbase.dll
0x00007ffab9a60000 - 0x00007ffab9a79000 	C:\Program Files\Java\graalvm-ce-java16-21.1.0\bin\VCRUNTIME140.dll
0x00007ffabe230000 - 0x00007ffabe248000 	C:\Program Files\Java\graalvm-ce-java16-21.1.0\bin\jli.dll
0x00007ffac4940000 - 0x00007ffac4ae0000 	C:\WINDOWS\System32\USER32.dll
0x00007ffac2c50000 - 0x00007ffac2c72000 	C:\WINDOWS\System32\win32u.dll
0x00007ffab80d0000 - 0x00007ffab836a000 	C:\WINDOWS\WinSxS\amd64_microsoft.windows.common-controls_6595b64144ccf1df_6.0.19041.1052_none_60b8f8fd71f5e8cb\COMCTL32.dll
0x00007ffac4610000 - 0x00007ffac46ae000 	C:\WINDOWS\System32\msvcrt.dll
0x00007ffac34a0000 - 0x00007ffac34ca000 	C:\WINDOWS\System32\GDI32.dll
0x00007ffac2b40000 - 0x00007ffac2c4b000 	C:\WINDOWS\System32\gdi32full.dll
0x00007ffac2350000 - 0x00007ffac23ed000 	C:\WINDOWS\System32\msvcp_win.dll
0x00007ffac4770000 - 0x00007ffac47a0000 	C:\WINDOWS\System32\IMM32.DLL
0x0000000180000000 - 0x0000000180007000 	C:\Program Files\Prio\prio.dll
0x00007ffac34d0000 - 0x00007ffac357c000 	C:\WINDOWS\System32\ADVAPI32.dll
0x00007ffac2f60000 - 0x00007ffac2ffb000 	C:\WINDOWS\System32\sechost.dll
0x00007ffac47a0000 - 0x00007ffac48ca000 	C:\WINDOWS\System32\RPCRT4.dll
0x00007ffabe2b0000 - 0x00007ffabe2bc000 	C:\Program Files\Java\graalvm-ce-java16-21.1.0\bin\vcruntime140_1.dll
0x00007ffab8af0000 - 0x00007ffab8b81000 	C:\Program Files\Java\graalvm-ce-java16-21.1.0\bin\msvcp140.dll
0x00007ffa5c840000 - 0x00007ffa5d3ec000 	C:\Program Files\Java\graalvm-ce-java16-21.1.0\bin\server\jvm.dll
0x00007ffac4930000 - 0x00007ffac4938000 	C:\WINDOWS\System32\PSAPI.DLL
0x00007ffaa1960000 - 0x00007ffaa1969000 	C:\WINDOWS\SYSTEM32\WSOCK32.dll
0x00007ffab9740000 - 0x00007ffab9767000 	C:\WINDOWS\SYSTEM32\WINMM.dll
0x00007ffabc1b0000 - 0x00007ffabc1ba000 	C:\WINDOWS\SYSTEM32\VERSION.dll
0x00007ffac4ae0000 - 0x00007ffac4b4b000 	C:\WINDOWS\System32\WS2_32.dll
0x00007ffac02a0000 - 0x00007ffac02b2000 	C:\WINDOWS\SYSTEM32\kernel.appcore.dll
0x00007ffabe170000 - 0x00007ffabe17a000 	C:\Program Files\Java\graalvm-ce-java16-21.1.0\bin\jimage.dll
0x00007ffaa2660000 - 0x00007ffaa2844000 	C:\WINDOWS\SYSTEM32\DBGHELP.DLL
0x00007ffaa2110000 - 0x00007ffaa213c000 	C:\WINDOWS\SYSTEM32\dbgcore.DLL
0x00007ffac29b0000 - 0x00007ffac2a33000 	C:\WINDOWS\System32\bcryptPrimitives.dll
0x00007ffab8d00000 - 0x00007ffab8d25000 	C:\Program Files\Java\graalvm-ce-java16-21.1.0\bin\java.dll
0x00007ffac3580000 - 0x00007ffac3cbf000 	C:\WINDOWS\System32\SHELL32.dll
0x00007ffac04a0000 - 0x00007ffac0c31000 	C:\WINDOWS\SYSTEM32\windows.storage.dll
0x00007ffac3060000 - 0x00007ffac33b5000 	C:\WINDOWS\System32\combase.dll
0x00007ffac1dc0000 - 0x00007ffac1dec000 	C:\WINDOWS\SYSTEM32\Wldp.dll
0x00007ffac2c80000 - 0x00007ffac2d2e000 	C:\WINDOWS\System32\SHCORE.dll
0x00007ffac46b0000 - 0x00007ffac4705000 	C:\WINDOWS\System32\shlwapi.dll
0x00007ffac2290000 - 0x00007ffac22af000 	C:\WINDOWS\SYSTEM32\profapi.dll
0x00007ffa588d0000 - 0x00007ffa5aaf0000 	C:\Program Files\Java\graalvm-ce-java16-21.1.0\bin\jvmcicompiler.dll
0x00007ffac2210000 - 0x00007ffac223e000 	C:\WINDOWS\SYSTEM32\USERENV.dll
0x00007ffac17c0000 - 0x00007ffac17fb000 	C:\WINDOWS\SYSTEM32\IPHLPAPI.DLL
0x00007ffab8ce0000 - 0x00007ffab8cf9000 	C:\Program Files\Java\graalvm-ce-java16-21.1.0\bin\net.dll
0x00007ffab46d0000 - 0x00007ffab47da000 	C:\WINDOWS\SYSTEM32\WINHTTP.dll
0x00007ffac1b20000 - 0x00007ffac1b8a000 	C:\WINDOWS\system32\mswsock.dll
0x00007ffab8cc0000 - 0x00007ffab8cd3000 	C:\Program Files\Java\graalvm-ce-java16-21.1.0\bin\nio.dll
0x00007ffab8ca0000 - 0x00007ffab8cb8000 	C:\Program Files\Java\graalvm-ce-java16-21.1.0\bin\zip.dll
0x00007ffabe100000 - 0x00007ffabe110000 	C:\Program Files\Java\graalvm-ce-java16-21.1.0\bin\verify.dll
0x00007ffa9c370000 - 0x00007ffa9c397000 	C:\Users\jaap_s39u2r2\.gradle\native\8bec1ad78214c89d9ad589b4d07fe93259594b29d510b10fafb7a158f7737e5d\windows-amd64\native-platform.dll
0x00007ffa76b40000 - 0x00007ffa76c7d000 	C:\Users\jaap_s39u2r2\.gradle\native\53dbd7edfb1c66fb8903c78663c9afc45aea4f116125fa6feffd364cf09443e8\windows-amd64\native-platform-file-events.dll
0x00007ffab91a0000 - 0x00007ffab91a9000 	C:\Program Files\Java\graalvm-ce-java16-21.1.0\bin\management.dll
0x00007ffab9110000 - 0x00007ffab911b000 	C:\Program Files\Java\graalvm-ce-java16-21.1.0\bin\management_ext.dll
0x00007ffac1d10000 - 0x00007ffac1d28000 	C:\WINDOWS\SYSTEM32\CRYPTSP.dll
0x00007ffac1450000 - 0x00007ffac1484000 	C:\WINDOWS\system32\rsaenh.dll
0x00007ffac2980000 - 0x00007ffac29a7000 	C:\WINDOWS\System32\bcrypt.dll
0x00007ffac1d00000 - 0x00007ffac1d0c000 	C:\WINDOWS\SYSTEM32\CRYPTBASE.dll
0x00007ffac2f50000 - 0x00007ffac2f58000 	C:\WINDOWS\System32\NSI.dll
0x00007ffabc1e0000 - 0x00007ffabc1f7000 	C:\WINDOWS\SYSTEM32\dhcpcsvc6.DLL
0x00007ffabc1c0000 - 0x00007ffabc1dd000 	C:\WINDOWS\SYSTEM32\dhcpcsvc.DLL
0x00007ffac1810000 - 0x00007ffac18dc000 	C:\WINDOWS\SYSTEM32\DNSAPI.dll
0x00007ffab9200000 - 0x00007ffab920e000 	C:\Program Files\Java\graalvm-ce-java16-21.1.0\bin\sunmscapi.dll
0x00007ffac2770000 - 0x00007ffac28cf000 	C:\WINDOWS\System32\CRYPT32.dll
0x00007ffac1e30000 - 0x00007ffac1e57000 	C:\WINDOWS\SYSTEM32\ncrypt.dll
0x00007ffac1df0000 - 0x00007ffac1e2b000 	C:\WINDOWS\SYSTEM32\NTASN1.dll
0x00007ffab90e0000 - 0x00007ffab90e7000 	C:\WINDOWS\system32\wshunix.dll
0x00007ffab4840000 - 0x00007ffab484a000 	C:\Windows\System32\rasadhlp.dll
0x00007ffab9910000 - 0x00007ffab998f000 	C:\WINDOWS\System32\fwpuclnt.dll

dbghelp: loaded successfully - version: 4.0.5 - missing functions: none
symbol engine: initialized successfully - sym options: 0x614 - pdb path: .;C:\Program Files\Java\graalvm-ce-java16-21.1.0\bin;C:\WINDOWS\SYSTEM32;C:\WINDOWS\WinSxS\amd64_microsoft.windows.common-controls_6595b64144ccf1df_6.0.19041.1052_none_60b8f8fd71f5e8cb;C:\Program Files\Prio;C:\Program Files\Java\graalvm-ce-java16-21.1.0\bin\server;C:\Users\jaap_s39u2r2\.gradle\native\8bec1ad78214c89d9ad589b4d07fe93259594b29d510b10fafb7a158f7737e5d\windows-amd64;C:\Users\jaap_s39u2r2\.gradle\native\53dbd7edfb1c66fb8903c78663c9afc45aea4f116125fa6feffd364cf09443e8\windows-amd64

VM Arguments:
jvm_args: -XX:+UnlockExperimentalVMOptions -XX:+EnableJVMCIProduct -XX:-UnlockExperimentalVMOptions -XX:ThreadPriorityPolicy=1 --add-opens=java.base/java.util=ALL-UNNAMED --add-opens=java.base/java.lang=ALL-UNNAMED --add-opens=java.base/java.lang.invoke=ALL-UNNAMED --add-opens=java.base/java.util=ALL-UNNAMED --add-opens=java.prefs/java.util.prefs=ALL-UNNAMED --add-opens=java.prefs/java.util.prefs=ALL-UNNAMED --add-opens=java.base/java.nio.charset=ALL-UNNAMED --add-opens=java.base/java.net=ALL-UNNAMED --add-opens=java.base/java.util.concurrent.atomic=ALL-UNNAMED -Xmx1G -Dfile.encoding=windows-1252 -Duser.country=GB -Duser.language=en -Duser.variant 
java_command: org.gradle.launcher.daemon.bootstrap.GradleDaemon 7.0.2
java_class_path (initial): C:\Users\jaap_s39u2r2\.gradle\wrapper\dists\gradle-7.0.2-all\7era6s5ay7zsbhuvl0oc9g94s\gradle-7.0.2\lib\gradle-launcher-7.0.2.jar
Launcher Type: SUN_STANDARD

[Global flags]
     intx CICompilerCount                          = 4                                         {product} {ergonomic}
     uint ConcGCThreads                            = 2                                         {product} {ergonomic}
     bool EnableJVMCIProduct                       = true                                {JVMCI product} {jimage}
     uint G1ConcRefinementThreads                  = 8                                         {product} {ergonomic}
   size_t G1HeapRegionSize                         = 1048576                                   {product} {ergonomic}
    uintx GCDrainStackTargetSize                   = 64                                        {product} {ergonomic}
   size_t InitialHeapSize                          = 268435456                                 {product} {ergonomic}
   size_t MarkStackSize                            = 4194304                                   {product} {ergonomic}
   size_t MaxHeapSize                              = 1073741824                                {product} {command line}
   size_t MaxNewSize                               = 643825664                                 {product} {ergonomic}
   size_t MinHeapDeltaBytes                        = 1048576                                   {product} {ergonomic}
   size_t MinHeapSize                              = 8388608                                   {product} {ergonomic}
    uintx NonNMethodCodeHeapSize                   = 5839372                                {pd product} {ergonomic}
    uintx NonProfiledCodeHeapSize                  = 122909434                              {pd product} {ergonomic}
    uintx ProfiledCodeHeapSize                     = 122909434                              {pd product} {ergonomic}
    uintx ReservedCodeCacheSize                    = 251658240                              {pd product} {ergonomic}
     bool SegmentedCodeCache                       = true                                      {product} {ergonomic}
   size_t SoftMaxHeapSize                          = 1073741824                             {manageable} {ergonomic}
     intx ThreadPriorityPolicy                     = 1                                         {product} {jimage}
     bool UseCompressedClassPointers               = true                           {product lp64_product} {ergonomic}
     bool UseCompressedOops                        = true                           {product lp64_product} {ergonomic}
     bool UseG1GC                                  = true                                      {product} {ergonomic}
     bool UseLargePagesIndividualAllocation        = false                                  {pd product} {ergonomic}

Logging:
Log output configuration:
 #0: stdout all=warning uptime,level,tags
 #1: stderr all=off uptime,level,tags

Environment Variables:
JAVA_HOME=C:\Program Files\Java\graalvm-ce-java16-21.1.0
CLASSPATH=I:\Rebalanced\\gradle\wrapper\gradle-wrapper.jar
PATH=C:\Program Files\Common Files\Oracle\Java\javapath;C:\Program Files\Oculus\Support\oculus-runtime;C:\Program Files\AdoptOpenJDK\jre-14.0.2.12-hotspot\bin;C:\Program Files\NVIDIA Corporation\NVIDIA NvDLISR;C:\Program Files\Prio;D:\gradle-6.8-all\gradle-6.8\bin;C:\Program Files\dotnet\;C:\Program Files\Git\cmd;C:\Program Files\MySQL\MySQL Shell 8.0\bin\;C:\Users\jaap_s39u2r2\Downloads\ffmpeg-20190925-5f13859-win64-static\ffmpeg-20190925-5f13859-win64-static\bin;C:\Program Files (x86)\Common Files\Oracle\Java\javapath;C:\Program Files\Oculus\Support\oculus-runtime;C:\ProgramData\Oracle\Java\javapath;C:\WINDOWS\system32;C:\WINDOWS;C:\WINDOWS\System32\Wbem;C:\WINDOWS\System32\WindowsPowerShell\v1.0\;C:\Program Files\PuTTY\;C:\WINDOWS\System32\OpenSSH\;C:\Program Files\Android\Android Studio\jre\bin;C:\Users\legosteenjaap\AppData\Local\Android\Sdk\platform-tools;C:\Users\legosteenjaap\AppData\Local\Android\Sdk\tools;C:\Users\jaap_s39u2r2\AppData\Local\Microsoft\WindowsApps;C:\Users\jaap_s39u2r2\AppData\Local\Programs\Git\cmd;C:\Program Files (x86)\FAHClient;C:\Users\jaap_s39u2r2\AppData\Local\Microsoft\WindowsApps;
USERNAME=jaap_s39u2r2
OS=Windows_NT
PROCESSOR_IDENTIFIER=AMD64 Family 23 Model 17 Stepping 0, AuthenticAMD



---------------  S Y S T E M  ---------------

OS:
 Windows 10 , 64 bit Build 19041 (10.0.19041.1023)
OS uptime: 1 days 16:22 hours

CPU: total 8 (initial active 8) (8 cores per cpu, 2 threads per core) family 23 model 17 stepping 0 microcode 0x0, cx8, cmov, fxsr, ht, mmx, 3dnowpref, sse, sse2, sse3, ssse3, sse4a, sse4.1, sse4.2, popcnt, lzcnt, tsc, tscinvbit, avx, avx2, aes, clmul, bmi1, bmi2, adx, sha, fma, vzeroupper, clflush, clflushopt

Memory: 4k page, system-wide physical 16330M (477M free)
TotalPageFile size 30557M (AvailPageFile size 5M)
current process WorkingSet (physical memory assigned to process): 485M, peak: 550M
current process commit charge ("private bytes"): 575M, peak: 669M

vm_info: OpenJDK 64-Bit Server VM (16.0.1+9-jvmci-21.1-b05) for windows-amd64 JRE (16.0.1+9-jvmci-21.1-b05), built on Apr 16 2021 10:16:06 by "" with MS VC++ 16.7 (VS2019)

END.
